<?xml version="1.0" encoding="UTF-8"?>
<!-- Generated by org.testng.reporters.JUnitReportReporter -->
<testsuite hostname="ACER-PC" name="Academy.E2EProject.HomePage" tests="2" failures="0" timestamp="2 May 2022 00:44:19 GMT" time="5.020" errors="0">
  <testcase name="basePageNavigation" time="4.180" classname="Academy.E2EProject.HomePage"/>
  <testcase name="basePageNavigation" time="0.840" classname="Academy.E2EProject.HomePage"/>
</testsuite> <!-- Academy.E2EProject.HomePage -->
