<?xml version="1.0" encoding="UTF-8"?>
<!-- Generated by org.testng.reporters.JUnitReportReporter -->
<testsuite hostname="ACER-PC" name="Academy.E2EProject.validateNavigationBar" tests="1" failures="0" timestamp="2 May 2022 00:44:19 GMT" time="0.780" errors="0">
  <testcase name="basePageNavigation" time="0.780" classname="Academy.E2EProject.validateNavigationBar"/>
</testsuite> <!-- Academy.E2EProject.validateNavigationBar -->
